[2017-11-10 17:04:57.518] [DEBUG] normal - GET /
[2017-11-10 17:04:59.659] [DEBUG] normal - GET /assets/js/login.js
[2017-11-10 17:04:59.659] [DEBUG] normal - GET /assets/js/jquery.js
[2017-11-10 17:05:00.362] [DEBUG] normal - GET /assets/images/host.gif
[2017-11-10 17:05:00.643] [DEBUG] normal - GET /assets/images/bar1.gif
[2017-11-10 17:05:00.706] [DEBUG] normal - GET /assets/images/p1-0.gif
[2017-11-10 17:05:00.706] [DEBUG] normal - GET /assets/images/pu1-0.gif
[2017-11-10 17:05:00.862] [DEBUG] normal - GET /assets/images/im.gif
[2017-11-10 17:05:00.878] [DEBUG] normal - GET /assets/images/p2-0.gif
[2017-11-10 17:05:00.972] [DEBUG] normal - GET /assets/images/zuwang.jpg
[2017-11-10 17:05:01.003] [DEBUG] normal - GET /assets/images/ToolBar.gif
[2017-11-10 17:05:01.081] [DEBUG] normal - GET /assets/images/1.gif
[2017-11-10 17:05:01.206] [DEBUG] normal - GET /assets/images/5.gif
[2017-11-10 17:05:01.847] [DEBUG] normal - GET /favicon.ico
[2017-11-10 17:05:02.628] [DEBUG] normal - GET /assets/images/pu1-1.gif
[2017-11-10 17:05:02.753] [DEBUG] normal - GET /assets/images/p1-1.gif
[2017-11-10 17:05:26.854] [DEBUG] normal - POST /adminLogin
[2017-11-10 17:05:32.167] [DEBUG] normal - POST /adminLogin
[2017-11-10 17:05:32.417] [DEBUG] normal - GET /Z_adminMain
[2017-11-10 17:05:32.448] [DEBUG] normal - GET /assets/css/base.css
[2017-11-10 17:05:32.464] [DEBUG] normal - GET /assets/css/lrtk.css
[2017-11-10 17:05:32.464] [DEBUG] normal - GET /assets/css/zq_left.css
[2017-11-10 17:05:32.495] [DEBUG] normal - GET /assets/css/zhanqin-kongqiny.css
[2017-11-10 17:05:32.495] [DEBUG] normal - GET /assets/css/jquery.treemenu.css
[2017-11-10 17:05:32.807] [DEBUG] normal - GET /assets/js/zq_left.js
[2017-11-10 17:05:32.854] [DEBUG] normal - GET /assets/images/host.gif
[2017-11-10 17:05:32.854] [DEBUG] normal - GET /assets/images/bar1.gif
[2017-11-10 17:05:32.870] [DEBUG] normal - GET /assets/js/jquery.treemenu.js
[2017-11-10 17:05:32.885] [DEBUG] normal - GET /assets/js/jquery-2.2.4.js
[2017-11-10 17:05:32.917] [DEBUG] normal - GET /assets/images/prt_station.gif
[2017-11-10 17:05:33.386] [DEBUG] normal - GET /assets/images/exit.gif
[2017-11-10 17:05:33.495] [DEBUG] normal - GET /assets/images/mgr_qb1.gif
[2017-11-10 17:05:33.636] [DEBUG] normal - GET /assets/images/bullet.gif
[2017-11-10 17:05:33.636] [DEBUG] normal - GET /assets/images/arrow_02.gif
[2017-11-10 17:05:36.792] [DEBUG] normal - GET /Z_adduserHtml
[2017-11-10 17:05:36.901] [DEBUG] normal - GET /assets/css/base.css
[2017-11-10 17:05:36.901] [DEBUG] normal - GET /assets/css/lrtk.css
[2017-11-10 17:05:36.901] [DEBUG] normal - GET /assets/css/zhanqin-creat.css
[2017-11-10 17:05:36.917] [DEBUG] normal - GET /assets/js/tools.js
[2017-11-10 17:05:36.948] [DEBUG] normal - GET /assets/css/zq_left.css
[2017-11-10 17:05:37.229] [DEBUG] normal - GET /assets/js/zq_left.js
[2017-11-10 17:05:37.229] [DEBUG] normal - GET /assets/js/jquery-2.2.4.js
[2017-11-10 17:05:37.245] [DEBUG] normal - GET /assets/images/host.gif
[2017-11-10 17:05:37.245] [DEBUG] normal - GET /assets/images/bar1.gif
[2017-11-10 17:05:37.245] [DEBUG] normal - GET /assets/images/prt_station.gif
[2017-11-10 17:05:37.245] [DEBUG] normal - GET /assets/images/exit.gif
[2017-11-10 17:05:37.261] [DEBUG] normal - GET /assets/images/mgr_qb1.gif
[2017-11-10 17:05:37.261] [DEBUG] normal - GET /assets/images/bullet.gif
[2017-11-10 17:05:37.292] [DEBUG] normal - GET /assets/images/arrow_02.gif
[2017-11-10 17:05:59.693] [DEBUG] normal - POST /Z_adduser
[2017-11-10 17:06:01.912] [DEBUG] normal - GET /Z_configusersHtml?id=6
[2017-11-10 17:06:02.193] [DEBUG] normal - GET /Z_userRightHtml
[2017-11-10 17:06:02.224] [DEBUG] normal - GET /assets/css/base.css
[2017-11-10 17:06:02.224] [DEBUG] normal - GET /assets/js/jquery-2.2.4.js
[2017-11-10 17:06:02.240] [DEBUG] normal - GET /assets/css/zhanqin_kq_yonghu.css
[2017-11-10 17:06:02.240] [DEBUG] normal - GET /assets/js/zq_left.js
[2017-11-10 17:06:02.318] [DEBUG] normal - GET /assets/js/jquery.treemenu.js
[2017-11-10 17:06:02.318] [DEBUG] normal - GET /assets/images/host.gif
[2017-11-10 17:06:02.318] [DEBUG] normal - GET /assets/images/prt_station.gif
[2017-11-10 17:06:02.318] [DEBUG] normal - GET /assets/images/exit.gif
[2017-11-10 17:06:02.334] [DEBUG] normal - GET /assets/images/bar1.gif
[2017-11-10 17:06:02.334] [DEBUG] normal - GET /assets/images/mgr_qb1.gif
[2017-11-10 17:06:02.334] [DEBUG] normal - GET /assets/images/bullet.gif
[2017-11-10 17:06:02.349] [DEBUG] normal - GET /assets/images/arrow_02.gif
[2017-11-10 17:06:02.474] [DEBUG] normal - GET /assets/images/mgr_pa12.gif
[2017-11-22 14:42:05.184] [DEBUG] normal - GET /
[2017-11-22 14:42:05.442] [DEBUG] normal - GET /assets/js/jquery.js
[2017-11-22 14:42:05.893] [DEBUG] normal - GET /favicon.ico
